<?xml version="1.0" encoding="UTF-8"?>
<testsuite name="org.apache.hive.hcatalog.api.TestHCatClientNotification" time="3.298" tests="1" errors="1" skipped="0" failures="0">
  <properties>
    <property name="java.runtime.name" value="Java(TM) SE Runtime Environment"/>
    <property name="sun.boot.library.path" value="/Library/Java/JavaVirtualMachines/jdk1.8.0_111.jdk/Contents/Home/jre/lib"/>
    <property name="java.vm.version" value="25.111-b14"/>
    <property name="gopherProxySet" value="false"/>
    <property name="java.vm.vendor" value="Oracle Corporation"/>
    <property name="java.vendor.url" value="http://java.oracle.com/"/>
    <property name="path.separator" value=":"/>
    <property name="guice.disable.misplaced.annotation.check" value="true"/>
    <property name="java.vm.name" value="Java HotSpot(TM) 64-Bit Server VM"/>
    <property name="file.encoding.pkg" value="sun.io"/>
    <property name="user.country" value="US"/>
    <property name="sun.java.launcher" value="SUN_STANDARD"/>
    <property name="sun.os.patch.level" value="unknown"/>
    <property name="java.vm.specification.name" value="Java Virtual Machine Specification"/>
    <property name="user.dir" value="/Users/selinaz/dev/branch-1.2-skewjoinNPE/hive/itests"/>
    <property name="java.runtime.version" value="1.8.0_111-b14"/>
    <property name="java.awt.graphicsenv" value="sun.awt.CGraphicsEnvironment"/>
    <property name="java.endorsed.dirs" value="/Library/Java/JavaVirtualMachines/jdk1.8.0_111.jdk/Contents/Home/jre/lib/endorsed"/>
    <property name="os.arch" value="x86_64"/>
    <property name="java.io.tmpdir" value="/var/folders/_z/d5vqdwmd1cv3xl_d81txzv300000gq/T/"/>
    <property name="line.separator" value="&#10;"/>
    <property name="java.vm.specification.vendor" value="Oracle Corporation"/>
    <property name="os.name" value="Mac OS X"/>
    <property name="classworlds.conf" value="/Users/selinaz/work/apache-maven-3.2.1/bin/m2.conf"/>
    <property name="sun.jnu.encoding" value="UTF-8"/>
    <property name="java.library.path" value="/Users/selinaz/Library/Java/Extensions:/Library/Java/Extensions:/Network/Library/Java/Extensions:/System/Library/Java/Extensions:/usr/lib/java:."/>
    <property name="java.specification.name" value="Java Platform API Specification"/>
    <property name="java.class.version" value="52.0"/>
    <property name="sun.management.compiler" value="HotSpot 64-Bit Tiered Compilers"/>
    <property name="os.version" value="10.12.4"/>
    <property name="http.nonProxyHosts" value="local|*.local|169.254/16|*.169.254/16"/>
    <property name="user.home" value="/Users/selinaz"/>
    <property name="user.timezone" value="US/Pacific"/>
    <property name="java.awt.printerjob" value="sun.lwawt.macosx.CPrinterJob"/>
    <property name="java.specification.version" value="1.8"/>
    <property name="file.encoding" value="UTF-8"/>
    <property name="user.name" value="selinaz"/>
    <property name="java.class.path" value="/Users/selinaz/work/apache-maven-3.2.1/boot/plexus-classworlds-2.5.1.jar"/>
    <property name="org.slf4j.simpleLogger.defaultLogLevel" value="info"/>
    <property name="java.vm.specification.version" value="1.8"/>
    <property name="sun.arch.data.model" value="64"/>
    <property name="java.home" value="/Library/Java/JavaVirtualMachines/jdk1.8.0_111.jdk/Contents/Home/jre"/>
    <property name="sun.java.command" value="org.codehaus.plexus.classworlds.launcher.Launcher clean install -Phadoop-2"/>
    <property name="java.specification.vendor" value="Oracle Corporation"/>
    <property name="user.language" value="en"/>
    <property name="awt.toolkit" value="sun.lwawt.macosx.LWCToolkit"/>
    <property name="java.vm.info" value="mixed mode"/>
    <property name="java.version" value="1.8.0_111"/>
    <property name="java.ext.dirs" value="/Users/selinaz/Library/Java/Extensions:/Library/Java/JavaVirtualMachines/jdk1.8.0_111.jdk/Contents/Home/jre/lib/ext:/Library/Java/Extensions:/Network/Library/Java/Extensions:/System/Library/Java/Extensions:/usr/lib/java"/>
    <property name="sun.boot.class.path" value="/Library/Java/JavaVirtualMachines/jdk1.8.0_111.jdk/Contents/Home/jre/lib/resources.jar:/Library/Java/JavaVirtualMachines/jdk1.8.0_111.jdk/Contents/Home/jre/lib/rt.jar:/Library/Java/JavaVirtualMachines/jdk1.8.0_111.jdk/Contents/Home/jre/lib/sunrsasign.jar:/Library/Java/JavaVirtualMachines/jdk1.8.0_111.jdk/Contents/Home/jre/lib/jsse.jar:/Library/Java/JavaVirtualMachines/jdk1.8.0_111.jdk/Contents/Home/jre/lib/jce.jar:/Library/Java/JavaVirtualMachines/jdk1.8.0_111.jdk/Contents/Home/jre/lib/charsets.jar:/Library/Java/JavaVirtualMachines/jdk1.8.0_111.jdk/Contents/Home/jre/lib/jfr.jar:/Library/Java/JavaVirtualMachines/jdk1.8.0_111.jdk/Contents/Home/jre/classes"/>
    <property name="java.vendor" value="Oracle Corporation"/>
    <property name="maven.home" value="/Users/selinaz/work/apache-maven-3.2.1"/>
    <property name="file.separator" value="/"/>
    <property name="java.vendor.url.bug" value="http://bugreport.sun.com/bugreport/"/>
    <property name="sun.cpu.endian" value="little"/>
    <property name="sun.io.unicode.encoding" value="UnicodeBig"/>
    <property name="socksNonProxyHosts" value="local|*.local|169.254/16|*.169.254/16"/>
    <property name="ftp.nonProxyHosts" value="local|*.local|169.254/16|*.169.254/16"/>
    <property name="sun.cpu.isalist" value=""/>
  </properties>
  <testcase name="org.apache.hive.hcatalog.api.TestHCatClientNotification" classname="org.apache.hive.hcatalog.api.TestHCatClientNotification" time="3.298">
    <error message="java.lang.RuntimeException: Unable to instantiate org.apache.hive.hcatalog.common.HiveClientCache$CacheableHiveMetaStoreClient" type="com.google.common.util.concurrent.UncheckedExecutionException"><![CDATA[com.google.common.util.concurrent.UncheckedExecutionException: java.lang.RuntimeException: Unable to instantiate org.apache.hive.hcatalog.common.HiveClientCache$CacheableHiveMetaStoreClient
	at java.lang.Class.getDeclaredFields0(Native Method)
	at java.lang.Class.privateGetDeclaredFields(Class.java:2583)
	at java.lang.Class.getDeclaredFields(Class.java:1916)
	at org.datanucleus.metadata.ClassMetaData.addMetaDataForMembersNotInMetaData(ClassMetaData.java:356)
	at org.datanucleus.metadata.ClassMetaData.populate(ClassMetaData.java:198)
	at org.datanucleus.metadata.MetaDataManager$1.run(MetaDataManager.java:2676)
	at java.security.AccessController.doPrivileged(Native Method)
	at org.datanucleus.metadata.MetaDataManager.populateAbstractClassMetaData(MetaDataManager.java:2670)
	at org.datanucleus.metadata.MetaDataManager.populateFileMetaData(MetaDataManager.java:2493)
	at org.datanucleus.api.jdo.metadata.JDOMetaDataManager.loadXMLMetaDataForClass(JDOMetaDataManager.java:776)
	at org.datanucleus.api.jdo.metadata.JDOMetaDataManager.getMetaDataForClassInternal(JDOMetaDataManager.java:378)
	at org.datanucleus.metadata.MetaDataManager.getMetaDataForClass(MetaDataManager.java:1404)
	at org.datanucleus.query.compiler.JavaQueryCompiler.getType(JavaQueryCompiler.java:959)
	at org.datanucleus.query.compiler.JavaQueryCompiler.getType(JavaQueryCompiler.java:951)
	at org.datanucleus.query.symbol.SymbolTable.getType(SymbolTable.java:162)
	at org.datanucleus.query.expression.PrimaryExpression.bind(PrimaryExpression.java:129)
	at org.datanucleus.query.expression.DyadicExpression.bind(DyadicExpression.java:87)
	at org.datanucleus.query.compiler.JavaQueryCompiler.compileFilter(JavaQueryCompiler.java:480)
	at org.datanucleus.query.compiler.JDOQLCompiler.compile(JDOQLCompiler.java:102)
	at org.datanucleus.store.query.AbstractJDOQLQuery.compileInternal(AbstractJDOQLQuery.java:348)
	at org.datanucleus.store.rdbms.query.JDOQLQuery.compileInternal(JDOQLQuery.java:215)
	at org.datanucleus.store.query.Query.executeQuery(Query.java:1748)
	at org.datanucleus.store.query.Query.executeWithArray(Query.java:1667)
	at org.datanucleus.store.query.Query.execute(Query.java:1640)
	at org.datanucleus.api.jdo.JDOQuery.execute(JDOQuery.java:221)
	at org.apache.hadoop.hive.metastore.MetaStoreDirectSql.ensureDbInit(MetaStoreDirectSql.java:196)
	at org.apache.hadoop.hive.metastore.MetaStoreDirectSql.<init>(MetaStoreDirectSql.java:148)
	at org.apache.hadoop.hive.metastore.ObjectStore.initialize(ObjectStore.java:304)
	at org.apache.hadoop.hive.metastore.ObjectStore.setConf(ObjectStore.java:267)
	at org.apache.hadoop.util.ReflectionUtils.setConf(ReflectionUtils.java:73)
	at org.apache.hadoop.util.ReflectionUtils.newInstance(ReflectionUtils.java:133)
	at org.apache.hadoop.hive.metastore.RawStoreProxy.<init>(RawStoreProxy.java:61)
	at org.apache.hadoop.hive.metastore.RawStoreProxy.getProxy(RawStoreProxy.java:70)
	at org.apache.hadoop.hive.metastore.HiveMetaStore$HMSHandler.newRawStore(HiveMetaStore.java:530)
	at org.apache.hadoop.hive.metastore.HiveMetaStore$HMSHandler.getMS(HiveMetaStore.java:495)
	at org.apache.hadoop.hive.metastore.HiveMetaStore$HMSHandler.createDefaultDB(HiveMetaStore.java:557)
	at org.apache.hadoop.hive.metastore.HiveMetaStore$HMSHandler.init(HiveMetaStore.java:384)
	at org.apache.hadoop.hive.metastore.RetryingHMSHandler.<init>(RetryingHMSHandler.java:66)
	at org.apache.hadoop.hive.metastore.RetryingHMSHandler.getProxy(RetryingHMSHandler.java:72)
	at org.apache.hadoop.hive.metastore.HiveMetaStore.newRetryingHMSHandler(HiveMetaStore.java:6397)
	at org.apache.hadoop.hive.metastore.HiveMetaStoreClient.<init>(HiveMetaStoreClient.java:211)
	at org.apache.hadoop.hive.metastore.HiveMetaStoreClient.<init>(HiveMetaStoreClient.java:189)
	at org.apache.hive.hcatalog.common.HiveClientCache$CacheableHiveMetaStoreClient.<init>(HiveClientCache.java:423)
	at sun.reflect.NativeConstructorAccessorImpl.newInstance0(Native Method)
	at sun.reflect.NativeConstructorAccessorImpl.newInstance(NativeConstructorAccessorImpl.java:62)
	at sun.reflect.DelegatingConstructorAccessorImpl.newInstance(DelegatingConstructorAccessorImpl.java:45)
	at java.lang.reflect.Constructor.newInstance(Constructor.java:423)
	at org.apache.hadoop.hive.metastore.MetaStoreUtils.newInstance(MetaStoreUtils.java:1523)
	at org.apache.hadoop.hive.metastore.RetryingMetaStoreClient.<init>(RetryingMetaStoreClient.java:87)
	at org.apache.hadoop.hive.metastore.RetryingMetaStoreClient.getProxy(RetryingMetaStoreClient.java:133)
	at org.apache.hadoop.hive.metastore.RetryingMetaStoreClient.getProxy(RetryingMetaStoreClient.java:119)
	at org.apache.hive.hcatalog.common.HiveClientCache$5.call(HiveClientCache.java:312)
	at org.apache.hive.hcatalog.common.HiveClientCache$5.call(HiveClientCache.java:308)
	at com.google.common.cache.LocalCache$LocalManualCache$1.load(LocalCache.java:4792)
	at com.google.common.cache.LocalCache$LoadingValueReference.loadFuture(LocalCache.java:3599)
	at com.google.common.cache.LocalCache$Segment.loadSync(LocalCache.java:2379)
	at com.google.common.cache.LocalCache$Segment.lockedGetOrLoad(LocalCache.java:2342)
	at com.google.common.cache.LocalCache$Segment.get(LocalCache.java:2257)
	at com.google.common.cache.LocalCache.get(LocalCache.java:4000)
	at com.google.common.cache.LocalCache$LocalManualCache.get(LocalCache.java:4789)
	at org.apache.hive.hcatalog.common.HiveClientCache.getOrCreate(HiveClientCache.java:308)
	at org.apache.hive.hcatalog.common.HiveClientCache.get(HiveClientCache.java:270)
	at org.apache.hive.hcatalog.common.HCatUtil.getHiveMetastoreClient(HCatUtil.java:650)
	at org.apache.hive.hcatalog.api.HCatClientHMSImpl.initialize(HCatClientHMSImpl.java:1123)
	at org.apache.hive.hcatalog.api.HCatClient.create(HCatClient.java:71)
	at org.apache.hive.hcatalog.api.TestHCatClientNotification.setupClient(TestHCatClientNotification.java:64)
]]></error>
    <system-out><![CDATA[log4j: Using URL [file:/Users/selinaz/dev/branch-1.2-skewjoinNPE/hive/itests/hcatalog-unit/target/tmp/conf/hive-log4j.properties] for automatic log4j configuration.
log4j: Reading configuration from URL file:/Users/selinaz/dev/branch-1.2-skewjoinNPE/hive/itests/hcatalog-unit/target/tmp/conf/hive-log4j.properties
log4j: Parsing for [root] with value=[DEBUG,DRFA, EventCounter].
log4j: Level token is [DEBUG].
log4j: Category root set to DEBUG
log4j: Parsing appender named "DRFA".
log4j: Parsing layout options for "DRFA".
log4j: Setting property [conversionPattern] to [%d{ISO8601} %-5p [%t]: %c{2} (%F:%M(%L)) - %m%n].
log4j: End of parsing for "DRFA".
log4j: Setting property [datePattern] to [.yyyy-MM-dd].
log4j: Setting property [file] to [/Users/selinaz/dev/branch-1.2-skewjoinNPE/hive/itests/hcatalog-unit/target/tmp/log//hive.log].
log4j: setFile called: /Users/selinaz/dev/branch-1.2-skewjoinNPE/hive/itests/hcatalog-unit/target/tmp/log//hive.log, true
log4j: setFile ended
log4j: Appender [DRFA] to be rolled at midnight.
log4j: Parsed "DRFA" options.
log4j: Parsing appender named "EventCounter".
log4j: Parsed "EventCounter" options.
log4j: Parsing for [org.apache.zookeeper.ClientCnxnSocketNIO] with value=[WARN,DRFA].
log4j: Level token is [WARN].
log4j: Category org.apache.zookeeper.ClientCnxnSocketNIO set to WARN
log4j: Parsing appender named "DRFA".
log4j: Appender "DRFA" was already parsed.
log4j: Handling log4j.additivity.org.apache.zookeeper.ClientCnxnSocketNIO=[null]
log4j: Parsing for [DataNucleus] with value=[ERROR,DRFA].
log4j: Level token is [ERROR].
log4j: Category DataNucleus set to ERROR
log4j: Parsing appender named "DRFA".
log4j: Appender "DRFA" was already parsed.
log4j: Handling log4j.additivity.DataNucleus=[null]
log4j: Parsing for [org.apache.zookeeper.server.ServerCnxn] with value=[WARN,DRFA].
log4j: Level token is [WARN].
log4j: Category org.apache.zookeeper.server.ServerCnxn set to WARN
log4j: Parsing appender named "DRFA".
log4j: Appender "DRFA" was already parsed.
log4j: Handling log4j.additivity.org.apache.zookeeper.server.ServerCnxn=[null]
log4j: Parsing for [org.apache.zookeeper] with value=[INFO,DRFA].
log4j: Level token is [INFO].
log4j: Category org.apache.zookeeper set to INFO
log4j: Parsing appender named "DRFA".
log4j: Appender "DRFA" was already parsed.
log4j: Handling log4j.additivity.org.apache.zookeeper=[null]
log4j: Parsing for [JPOX.Enhancer] with value=[ERROR,DRFA].
log4j: Level token is [ERROR].
log4j: Category JPOX.Enhancer set to ERROR
log4j: Parsing appender named "DRFA".
log4j: Appender "DRFA" was already parsed.
log4j: Handling log4j.additivity.JPOX.Enhancer=[null]
log4j: Parsing for [JPOX.MetaData] with value=[ERROR,DRFA].
log4j: Level token is [ERROR].
log4j: Category JPOX.MetaData set to ERROR
log4j: Parsing appender named "DRFA".
log4j: Appender "DRFA" was already parsed.
log4j: Handling log4j.additivity.JPOX.MetaData=[null]
log4j: Parsing for [org.apache.hadoop.hive.metastore.ObjectStore] with value=[INFO,DRFA].
log4j: Level token is [INFO].
log4j: Category org.apache.hadoop.hive.metastore.ObjectStore set to INFO
log4j: Parsing appender named "DRFA".
log4j: Appender "DRFA" was already parsed.
log4j: Handling log4j.additivity.org.apache.hadoop.hive.metastore.ObjectStore=[null]
log4j: Parsing for [org.apache.hadoop.hive.ql.exec.Operator] with value=[INFO,DRFA].
log4j: Level token is [INFO].
log4j: Category org.apache.hadoop.hive.ql.exec.Operator set to INFO
log4j: Parsing appender named "DRFA".
log4j: Appender "DRFA" was already parsed.
log4j: Handling log4j.additivity.org.apache.hadoop.hive.ql.exec.Operator=[null]
log4j: Parsing for [JPOX.Plugin] with value=[ERROR,DRFA].
log4j: Level token is [ERROR].
log4j: Category JPOX.Plugin set to ERROR
log4j: Parsing appender named "DRFA".
log4j: Appender "DRFA" was already parsed.
log4j: Handling log4j.additivity.JPOX.Plugin=[null]
log4j: Parsing for [JPOX.Datastore] with value=[ERROR,DRFA].
log4j: Level token is [ERROR].
log4j: Category JPOX.Datastore set to ERROR
log4j: Parsing appender named "DRFA".
log4j: Appender "DRFA" was already parsed.
log4j: Handling log4j.additivity.JPOX.Datastore=[null]
log4j: Parsing for [org.apache.hadoop.hive.serde2.lazy] with value=[INFO,DRFA].
log4j: Level token is [INFO].
log4j: Category org.apache.hadoop.hive.serde2.lazy set to INFO
log4j: Parsing appender named "DRFA".
log4j: Appender "DRFA" was already parsed.
log4j: Handling log4j.additivity.org.apache.hadoop.hive.serde2.lazy=[null]
log4j: Parsing for [org.apache.zookeeper.ClientCnxn] with value=[WARN,DRFA].
log4j: Level token is [WARN].
log4j: Category org.apache.zookeeper.ClientCnxn set to WARN
log4j: Parsing appender named "DRFA".
log4j: Appender "DRFA" was already parsed.
log4j: Handling log4j.additivity.org.apache.zookeeper.ClientCnxn=[null]
log4j: Parsing for [org.apache.zookeeper.ClientCnxnSocket] with value=[WARN,DRFA].
log4j: Level token is [WARN].
log4j: Category org.apache.zookeeper.ClientCnxnSocket set to WARN
log4j: Parsing appender named "DRFA".
log4j: Appender "DRFA" was already parsed.
log4j: Handling log4j.additivity.org.apache.zookeeper.ClientCnxnSocket=[null]
log4j: Parsing for [Datastore.Schema] with value=[ERROR,DRFA].
log4j: Level token is [ERROR].
log4j: Category Datastore.Schema set to ERROR
log4j: Parsing appender named "DRFA".
log4j: Appender "DRFA" was already parsed.
log4j: Handling log4j.additivity.Datastore.Schema=[null]
log4j: Parsing for [JPOX.General] with value=[ERROR,DRFA].
log4j: Level token is [ERROR].
log4j: Category JPOX.General set to ERROR
log4j: Parsing appender named "DRFA".
log4j: Appender "DRFA" was already parsed.
log4j: Handling log4j.additivity.JPOX.General=[null]
log4j: Parsing for [Datastore] with value=[ERROR,DRFA].
log4j: Level token is [ERROR].
log4j: Category Datastore set to ERROR
log4j: Parsing appender named "DRFA".
log4j: Appender "DRFA" was already parsed.
log4j: Handling log4j.additivity.Datastore=[null]
log4j: Parsing for [org.apache.zookeeper.server.NIOServerCnxn] with value=[WARN,DRFA].
log4j: Level token is [WARN].
log4j: Category org.apache.zookeeper.server.NIOServerCnxn set to WARN
log4j: Parsing appender named "DRFA".
log4j: Appender "DRFA" was already parsed.
log4j: Handling log4j.additivity.org.apache.zookeeper.server.NIOServerCnxn=[null]
log4j: Parsing for [org.apache.hadoop.hive.ql.log.PerfLogger] with value=[].
log4j: Handling log4j.additivity.org.apache.hadoop.hive.ql.log.PerfLogger=[null]
log4j: Parsing for [org.apache.hadoop.conf.Configuration] with value=[ERROR,DRFA].
log4j: Level token is [ERROR].
log4j: Category org.apache.hadoop.conf.Configuration set to ERROR
log4j: Parsing appender named "DRFA".
log4j: Appender "DRFA" was already parsed.
log4j: Handling log4j.additivity.org.apache.hadoop.conf.Configuration=[null]
log4j: Parsing for [JPOX.Query] with value=[ERROR,DRFA].
log4j: Level token is [ERROR].
log4j: Category JPOX.Query set to ERROR
log4j: Parsing appender named "DRFA".
log4j: Appender "DRFA" was already parsed.
log4j: Handling log4j.additivity.JPOX.Query=[null]
log4j: Finished configuring.
]]></system-out>
  </testcase>
</testsuite>